<?xml version="1.0" encoding="UTF-8"?>
<!-- Generated by org.testng.reporters.JUnitReportReporter -->
<testsuite skipped="0" hostname="DESKTOP-KDTJ4S4" name="qaautomation.march2022.DashboardAPI" tests="4" failures="0" timestamp="2022-04-19T21:18:10 ICT" time="18.557" errors="0">
  <testcase name="FakerTest" time="8.878" classname="qaautomation.march2022.DashboardAPI"/>
  <system-out/>
  <testcase name="testDashboardWithoutParam" time="2.899" classname="qaautomation.march2022.DashboardAPI"/>
  <system-out/>
  <testcase name="testDashboardAPI" time="3.936" classname="qaautomation.march2022.DashboardAPI"/>
  <system-out/>
  <testcase name="testDashboardWithoutToken" time="2.844" classname="qaautomation.march2022.DashboardAPI"/>
  <system-out/>
</testsuite> <!-- qaautomation.march2022.DashboardAPI -->
