<?xml version="1.0" encoding="UTF-8"?>
<!-- Generated by org.testng.reporters.JUnitReportReporter -->
<testsuite skipped="0" hostname="DESKTOP-KDTJ4S4" name="qaautomation.march2022.GraphQLTest" tests="1" failures="0" timestamp="2022-04-10T09:38:52 ICT" time="8.236" errors="0">
  <testcase name="checkCEO" time="8.236" classname="qaautomation.march2022.GraphQLTest"/>
  <system-out/>
</testsuite> <!-- qaautomation.march2022.GraphQLTest -->
