<?xml version="1.0" encoding="UTF-8"?>
<!-- Generated by org.testng.reporters.JUnitReportReporter -->
<testsuite skipped="0" hostname="DESKTOP-KDTJ4S4" name="qaautomation.march2022.CommonPageTest" tests="2" failures="0" timestamp="2022-04-08T21:43:51 ICT" time="51.684" errors="0">
  <testcase name="testSwitching" time="17.501" classname="qaautomation.march2022.CommonPageTest"/>
  <system-out/>
  <testcase name="testScroll" time="34.183" classname="qaautomation.march2022.CommonPageTest"/>
  <system-out/>
</testsuite> <!-- qaautomation.march2022.CommonPageTest -->
