<?xml version="1.0" encoding="UTF-8"?>
<!-- Generated by org.testng.reporters.JUnitReportReporter -->
<testsuite skipped="0" hostname="DESKTOP-KDTJ4S4" name="qaautomation.march2022.AppTestAfterPageFactory" tests="4" failures="0" timestamp="2022-04-08T22:47:53 ICT" time="33.703" errors="0">
  <testcase name="loginToWebAndSuccess" time="10.723" classname="qaautomation.march2022.AppTestAfterPageFactory"/>
  <system-out/>
  <testcase name="loginToWebNotClickingLoginButton" time="5.821" classname="qaautomation.march2022.AppTestAfterPageFactory"/>
  <system-out/>
  <testcase name="LoginInvalidPassword" time="9.155" classname="qaautomation.march2022.AppTestAfterPageFactory"/>
  <system-out/>
  <testcase name="LoginInvalidUsername" time="8.004" classname="qaautomation.march2022.AppTestAfterPageFactory"/>
  <system-out/>
</testsuite> <!-- qaautomation.march2022.AppTestAfterPageFactory -->
