<?xml version="1.0" encoding="UTF-8"?>
<!-- Generated by org.testng.reporters.JUnitReportReporter -->
<testsuite skipped="0" hostname="DESKTOP-KDTJ4S4" name="qaautomation.march2022.AppTestAfterPOM" tests="3" failures="0" timestamp="2022-04-08T22:47:53 ICT" time="35.290" errors="0">
  <testcase name="test3" time="11.640" classname="qaautomation.march2022.AppTestAfterPOM"/>
  <system-out/>
  <testcase name="test1" time="11.790" classname="qaautomation.march2022.AppTestAfterPOM"/>
  <system-out/>
  <testcase name="test2" time="11.860" classname="qaautomation.march2022.AppTestAfterPOM"/>
  <system-out/>
</testsuite> <!-- qaautomation.march2022.AppTestAfterPOM -->
