<?xml version="1.0" encoding="UTF-8"?>
<!-- Generated by org.testng.reporters.JUnitReportReporter -->
<testsuite skipped="0" hostname="DESKTOP-KDTJ4S4" name="qaautomation.march2022.APITestAfterRefactor" tests="1" failures="0" timestamp="2022-04-10T10:27:31 ICT" time="23.057" errors="0">
  <testcase name="testDashboardAPI" time="23.057" classname="qaautomation.march2022.APITestAfterRefactor"/>
  <system-out/>
</testsuite> <!-- qaautomation.march2022.APITestAfterRefactor -->
