<?xml version="1.0" encoding="UTF-8"?>
<!-- Generated by org.testng.reporters.JUnitReportReporter -->
<testsuite skipped="0" hostname="DESKTOP-KDTJ4S4" name="qaautomation.march2022.GraphQLTest" tests="2" failures="0" timestamp="2022-04-18T21:51:29 ICT" time="11.585" errors="0">
  <testcase name="checkCEO" time="10.170" classname="qaautomation.march2022.GraphQLTest"/>
  <system-out/>
  <testcase name="launchRocketWithVariable" time="1.415" classname="qaautomation.march2022.GraphQLTest"/>
  <system-out/>
</testsuite> <!-- qaautomation.march2022.GraphQLTest -->
