<?xml version="1.0" encoding="UTF-8"?>
<!-- Generated by org.testng.reporters.JUnitReportReporter -->
<testsuite skipped="0" hostname="DESKTOP-KDTJ4S4" name="qaautomation.march2022.AppTest" tests="1" failures="0" timestamp="2022-04-08T22:47:53 ICT" time="18.117" errors="0">
  <testcase name="test" time="18.117" classname="qaautomation.march2022.AppTest"/>
  <system-out/>
</testsuite> <!-- qaautomation.march2022.AppTest -->
