<?xml version="1.0" encoding="UTF-8"?>
<!-- Generated by org.testng.reporters.JUnitReportReporter -->
<testsuite skipped="0" hostname="DESKTOP-KDTJ4S4" name="qaautomation.march2022.APITest" tests="2" failures="0" timestamp="2022-04-09T11:07:33 ICT" time="11.081" errors="0">
  <testcase name="testLoginAPI" time="9.596" classname="qaautomation.march2022.APITest"/>
  <system-out/>
  <testcase name="testDashboardAPI" time="1.485" classname="qaautomation.march2022.APITest"/>
  <system-out/>
</testsuite> <!-- qaautomation.march2022.APITest -->
