<?xml version="1.0" encoding="UTF-8"?>
<!-- Generated by org.testng.reporters.JUnitReportReporter -->
<testsuite skipped="0" hostname="DESKTOP-KDTJ4S4" name="qaautomation.march2022.AppTestAfterRefactor" tests="3" failures="0" timestamp="2022-04-08T22:47:53 ICT" time="65.732" errors="0">
  <testcase name="test2" time="20.836" classname="qaautomation.march2022.AppTestAfterRefactor"/>
  <system-out/>
  <testcase name="test" time="28.854" classname="qaautomation.march2022.AppTestAfterRefactor"/>
  <system-out/>
  <testcase name="test3" time="16.042" classname="qaautomation.march2022.AppTestAfterRefactor"/>
  <system-out/>
</testsuite> <!-- qaautomation.march2022.AppTestAfterRefactor -->
