<?xml version="1.0" encoding="UTF-8"?>
<!-- Generated by org.testng.reporters.JUnitReportReporter -->
<testsuite skipped="0" hostname="DESKTOP-KDTJ4S4" name="qaautomation.march2022.AppTestAfterPageFactory" tests="4" failures="0" timestamp="2022-04-19T21:16:42 ICT" time="74.484" errors="0">
  <testcase name="LoginInvalidUsername" time="12.312" classname="qaautomation.march2022.AppTestAfterPageFactory"/>
  <system-out/>
  <testcase name="LoginInvalidPassword" time="17.112" classname="qaautomation.march2022.AppTestAfterPageFactory"/>
  <system-out/>
  <testcase name="loginToWebAndSuccess" time="26.333" classname="qaautomation.march2022.AppTestAfterPageFactory"/>
  <system-out/>
  <testcase name="loginToWebNotClickingLoginButton" time="18.727" classname="qaautomation.march2022.AppTestAfterPageFactory"/>
  <system-out/>
</testsuite> <!-- qaautomation.march2022.AppTestAfterPageFactory -->
