<?xml version="1.0" encoding="UTF-8"?>
<!-- Generated by org.testng.reporters.JUnitReportReporter -->
<testsuite skipped="0" hostname="DESKTOP-KDTJ4S4" name="qaautomation.march2022.AppTestAfterRefactor2" tests="3" failures="0" timestamp="03 Apr 2022 03:07:15 GMT" time="39.870" errors="0">
  <testcase name="test3" time="18.534" classname="qaautomation.march2022.AppTestAfterRefactor2"/>
  <testcase name="test2" time="9.721" classname="qaautomation.march2022.AppTestAfterRefactor2"/>
  <testcase name="test" time="11.615" classname="qaautomation.march2022.AppTestAfterRefactor2"/>
</testsuite> <!-- qaautomation.march2022.AppTestAfterRefactor2 -->
