<?xml version="1.0" encoding="UTF-8"?>
<!-- Generated by org.testng.reporters.JUnitReportReporter -->
<testsuite skipped="0" hostname="DESKTOP-KDTJ4S4" name="qaautomation.march2022.APITestAfterRefactor" tests="3" failures="0" timestamp="16 Apr 2022 04:24:02 GMT" time="18.140" errors="2">
  <testcase name="testDashboardWithoutToken" time="2.812" classname="qaautomation.march2022.APITestAfterRefactor">
    <error type="io.restassured.module.jsv.JsonSchemaValidationException" message="com.fasterxml.jackson.core.JsonParseException: no JSON Text to read from input
 at [Source: (StringReader); line: 1, column: 1]">
      <![CDATA[io.restassured.module.jsv.JsonSchemaValidationException: com.fasterxml.jackson.core.JsonParseException: no JSON Text to read from input
 at [Source: (StringReader); line: 1, column: 1]
at io.restassured.module.jsv.JsonSchemaValidator$JsonSchemaValidatorFactory.create(JsonSchemaValidator.java:286)
at io.restassured.module.jsv.JsonSchemaValidator.matchesJsonSchema(JsonSchemaValidator.java:107)
at qaautomation.march2022.APITestAfterRefactor.testDashboardWithoutToken(APITestAfterRefactor.java:32)
at sun.reflect.NativeMethodAccessorImpl.invoke0(Native Method)
at sun.reflect.NativeMethodAccessorImpl.invoke(NativeMethodAccessorImpl.java:62)
at sun.reflect.DelegatingMethodAccessorImpl.invoke(DelegatingMethodAccessorImpl.java:43)
at java.lang.reflect.Method.invoke(Method.java:498)
at org.testng.internal.MethodInvocationHelper.invokeMethod(MethodInvocationHelper.java:124)
at org.testng.internal.Invoker.invokeMethod(Invoker.java:583)
at org.testng.internal.Invoker.invokeTestMethod(Invoker.java:719)
at org.testng.internal.Invoker.invokeTestMethods(Invoker.java:989)
at org.testng.internal.TestMethodWorker.invokeTestMethods(TestMethodWorker.java:125)
at org.testng.internal.TestMethodWorker.run(TestMethodWorker.java:109)
at java.util.concurrent.ThreadPoolExecutor.runWorker(ThreadPoolExecutor.java:1149)
at java.util.concurrent.ThreadPoolExecutor$Worker.run(ThreadPoolExecutor.java:624)
at java.lang.Thread.run(Thread.java:748)
Caused by: com.fasterxml.jackson.core.JsonParseException: no JSON Text to read from input
 at [Source: (StringReader); line: 1, column: 1]
at com.github.fge.jackson.JsonNodeReader$JsonParseExceptionBuilder.build(JsonNodeReader.java:198)
at com.github.fge.jackson.JsonNodeReader.readNode(JsonNodeReader.java:150)
at com.github.fge.jackson.JsonNodeReader.fromReader(JsonNodeReader.java:129)
at com.github.fge.jackson.JsonLoader.fromReader(JsonLoader.java:186)
at com.github.fge.jackson.JsonLoader.fromString(JsonLoader.java:199)
at io.restassured.module.jsv.JsonSchemaValidator$1.createSchemaInstance(JsonSchemaValidator.java:105)
at io.restassured.module.jsv.JsonSchemaValidator$1.createSchemaInstance(JsonSchemaValidator.java:102)
at io.restassured.module.jsv.JsonSchemaValidator$JsonSchemaValidatorFactory.create(JsonSchemaValidator.java:284)
... 15 more
]]>
    </error>
  </testcase> <!-- testDashboardWithoutToken -->
  <testcase name="testDashboardWithoutParam" time="10.630" classname="qaautomation.march2022.APITestAfterRefactor">
    <error type="io.restassured.module.jsv.JsonSchemaValidationException" message="com.fasterxml.jackson.core.JsonParseException: no JSON Text to read from input
 at [Source: (StringReader); line: 1, column: 1]">
      <![CDATA[io.restassured.module.jsv.JsonSchemaValidationException: com.fasterxml.jackson.core.JsonParseException: no JSON Text to read from input
 at [Source: (StringReader); line: 1, column: 1]
at io.restassured.module.jsv.JsonSchemaValidator$JsonSchemaValidatorFactory.create(JsonSchemaValidator.java:286)
at io.restassured.module.jsv.JsonSchemaValidator.matchesJsonSchema(JsonSchemaValidator.java:107)
at qaautomation.march2022.APITestAfterRefactor.testDashboardWithoutParam(APITestAfterRefactor.java:41)
at sun.reflect.NativeMethodAccessorImpl.invoke0(Native Method)
at sun.reflect.NativeMethodAccessorImpl.invoke(NativeMethodAccessorImpl.java:62)
at sun.reflect.DelegatingMethodAccessorImpl.invoke(DelegatingMethodAccessorImpl.java:43)
at java.lang.reflect.Method.invoke(Method.java:498)
at org.testng.internal.MethodInvocationHelper.invokeMethod(MethodInvocationHelper.java:124)
at org.testng.internal.Invoker.invokeMethod(Invoker.java:583)
at org.testng.internal.Invoker.invokeTestMethod(Invoker.java:719)
at org.testng.internal.Invoker.invokeTestMethods(Invoker.java:989)
at org.testng.internal.TestMethodWorker.invokeTestMethods(TestMethodWorker.java:125)
at org.testng.internal.TestMethodWorker.run(TestMethodWorker.java:109)
at java.util.concurrent.ThreadPoolExecutor.runWorker(ThreadPoolExecutor.java:1149)
at java.util.concurrent.ThreadPoolExecutor$Worker.run(ThreadPoolExecutor.java:624)
at java.lang.Thread.run(Thread.java:748)
Caused by: com.fasterxml.jackson.core.JsonParseException: no JSON Text to read from input
 at [Source: (StringReader); line: 1, column: 1]
at com.github.fge.jackson.JsonNodeReader$JsonParseExceptionBuilder.build(JsonNodeReader.java:198)
at com.github.fge.jackson.JsonNodeReader.readNode(JsonNodeReader.java:150)
at com.github.fge.jackson.JsonNodeReader.fromReader(JsonNodeReader.java:129)
at com.github.fge.jackson.JsonLoader.fromReader(JsonLoader.java:186)
at com.github.fge.jackson.JsonLoader.fromString(JsonLoader.java:199)
at io.restassured.module.jsv.JsonSchemaValidator$1.createSchemaInstance(JsonSchemaValidator.java:105)
at io.restassured.module.jsv.JsonSchemaValidator$1.createSchemaInstance(JsonSchemaValidator.java:102)
at io.restassured.module.jsv.JsonSchemaValidator$JsonSchemaValidatorFactory.create(JsonSchemaValidator.java:284)
... 15 more
]]>
    </error>
  </testcase> <!-- testDashboardWithoutParam -->
  <testcase name="testDashboardAPI" time="4.698" classname="qaautomation.march2022.APITestAfterRefactor"/>
</testsuite> <!-- qaautomation.march2022.APITestAfterRefactor -->
